********************************************************************************
*                       Monday, June 27, 2016 7:32:20 PM                       *
********************************************************************************
CSharpCompilerWrapper.exe version: 1.8.1.0
Platform: Windows
Target assembly: Assembly-CSharp.dll
Project directory: G:\UnityWorkspace\PhysicsDemo
Unity 'Data' or 'Frameworks' directory: C:/Program Files/Unity/Editor/Data
Compiler: Microsoft C# 6.0

- Compilation -----------------------------------------------

Process: G:\UnityWorkspace\PhysicsDemo\CSharp60Support\Roslyn\csc.exe
Arguments: -nostdlib+ -noconfig -nologo -r:"C:/Program Files/Unity/Editor/Data\Mono/lib/mono/2.0/mscorlib.dll" -r:"C:/Program Files/Unity/Editor/Data\Mono/lib/mono/2.0/System.dll" -r:"C:/Program Files/Unity/Editor/Data\Mono/lib/mono/2.0/System.Core.dll" -r:"C:/Program Files/Unity/Editor/Data\Mono/lib/mono/2.0/System.Xml.dll" @Temp/UnityTempFile-16a91d2a622b09f4795a95f3349f4480
Exit code: 0
Elapsed time: 0.57 sec

- Compiler output (0 lines):

- Compiler errors (0 lines):

- PDB to MDB conversion --------------------------------------

Process: G:\UnityWorkspace\PhysicsDemo\CSharp60Support\Roslyn\pdb2mdb.exe
Arguments: Temp\Assembly-CSharp.dll
Exit code: 0
Elapsed time: 0.12 sec

- pdb2mdb.exe output (0 lines):
********************************************************************************
*                       Monday, June 27, 2016 7:35:53 PM                       *
********************************************************************************
CSharpCompilerWrapper.exe version: 1.8.1.0
Platform: Windows
Target assembly: Assembly-CSharp.dll
Project directory: G:\UnityWorkspace\PhysicsDemo
Unity 'Data' or 'Frameworks' directory: C:/Program Files/Unity/Editor/Data
Compiler: Microsoft C# 6.0

- Compilation -----------------------------------------------

Process: G:\UnityWorkspace\PhysicsDemo\CSharp60Support\Roslyn\csc.exe
Arguments: -nostdlib+ -noconfig -nologo -r:"C:/Program Files/Unity/Editor/Data\Mono/lib/mono/2.0/mscorlib.dll" -r:"C:/Program Files/Unity/Editor/Data\Mono/lib/mono/2.0/System.dll" -r:"C:/Program Files/Unity/Editor/Data\Mono/lib/mono/2.0/System.Core.dll" -r:"C:/Program Files/Unity/Editor/Data\Mono/lib/mono/2.0/System.Xml.dll" @Temp/UnityTempFile-6b3203940e3d434458ca552d02bbddc7
Exit code: 0
Elapsed time: 0.35 sec

- Compiler output (0 lines):

- Compiler errors (0 lines):

- PDB to MDB conversion --------------------------------------

Process: G:\UnityWorkspace\PhysicsDemo\CSharp60Support\Roslyn\pdb2mdb.exe
Arguments: Temp\Assembly-CSharp.dll
Exit code: 0
Elapsed time: 0.03 sec

- pdb2mdb.exe output (0 lines):
